Case #1: 183606692 986606312
Case #2: 187689259 987689152
Case #3: 10 10
Case #4: 101263946 902163146
Case #5: 9099999 9999990
Case #6: 999999999 999999999
Case #7: 128754034 827154034
Case #8: 200297368 908227360
Case #9: 122934895 922931845
Case #10: 116793289 916793182
Case #11: 12753239 92753213
Case #12: 114353747 734351741
Case #13: 798 987
Case #14: 177185755 877715155
Case #15: 224585223 824535222
Case #16: 137407053 771403053
Case #17: 0 0
Case #18: 306667869 976660863
Case #19: 137566438 831566437
Case #20: 26438949 96432948
