Case #1: 953 18
Case #2: 954 16
Case #3: 860 16
Case #4: 1000 1000
Case #5: 973 18
Case #6: 1000 1000
Case #7: 974 26
Case #8: 345 20
Case #9: 986 24
Case #10: 170 170
Case #11: 956 16
Case #12: 245 245
Case #13: 787 787
Case #14: 977 26
Case #15: 0 0
Case #16: 970 15
Case #17: 959 24
Case #18: 972 32
Case #19: 528 528
Case #20: 250 4
Case #21: 971 22
Case #22: 129 6
Case #23: 969 24
Case #24: 123 19
Case #25: 982 42
Case #26: 724 13
Case #27: 0 0
Case #28: 0 0
Case #29: 854 6
Case #30: 504 21
Case #31: 0 0
Case #32: 0 0
Case #33: 439 21
Case #34: 991 48
Case #35: 1000 1000
Case #36: 0 0
Case #37: 0 0
Case #38: 945 16
Case #39: 307 307
Case #40: 1000 1000
Case #41: 54 6
Case #42: 1000 1000
Case #43: 0 0
Case #44: 575 19
Case #45: 310 20
Case #46: 449 8
Case #47: 953 34
Case #48: 293 21
Case #49: 971 11
Case #50: 111 2
