Case #1: 6 1
Case #2: 4 1
Case #3: 10 10
Case #4: 0 0
Case #5: 0 0
Case #6: 7 3
Case #7: 4 3
Case #8: 8 1
Case #9: 6 1
Case #10: 5 2
Case #11: 1 0
Case #12: 5 2
Case #13: 7 2
Case #14: 8 3
Case #15: 7 1
Case #16: 8 1
Case #17: 0 0
Case #18: 6 4
Case #19: 10 5
Case #20: 0 0
Case #21: 3 1
Case #22: 8 2
Case #23: 9 4
Case #24: 10 5
Case #25: 5 1
Case #26: 0 0
Case #27: 8 4
Case #28: 0 0
Case #29: 6 1
Case #30: 4 1
Case #31: 7 3
Case #32: 10 4
Case #33: 7 1
Case #34: 9 4
Case #35: 10 10
Case #36: 1 0
Case #37: 0 0
Case #38: 0 0
Case #39: 7 2
Case #40: 7 2
Case #41: 6 6
Case #42: 8 3
Case #43: 7 3
Case #44: 9 3
Case #45: 7 4
Case #46: 7 2
Case #47: 8 4
Case #48: 8 4
Case #49: 8 4
Case #50: 6 1
