[['E', 5], ['L', 0], ['E', 5]]
[2] [] []
Case #1: 1
[['L', 1], ['L', 1]]
Case #2: CRIME TIME
[['L', 1], ['E', 0], ['E', 0], ['L', 1]]
[2] [0] []
Case #3: 1
[['L', 2], ['E', 0], ['E', 1], ['E', 2], ['E', 0], ['E', 3], ['L', 4]]
[1, 2, 3, 4, 5] [0, 6] []
Case #4: 4
[['L', 4], ['L', 1], ['L', 2], ['E', 0], ['L', 1], ['E', 0], ['L', 2], ['E', 0], ['L', 2], ['E', 0], ['E', 0], ['L', 1], ['L', 4]]
[] [0, 1, 2] []
Case #5: 0
[['E', 1], ['L', 0], ['E', 0], ['L', 1]]
[2] [] [1]
Case #6: 1
[['E', 2], ['E', 1], ['L', 0], ['E', 0], ['L', 1], ['L', 3]]
[0, 3] [5] [2]
Case #7: 0
[['L', 1848], ['L', 1769], ['E', 0], ['L', 0], ['L', 0], ['E', 1769], ['E', 0], ['E', 1389], ['L', 329], ['L', 104], ['E', 104], ['E', 0], ['L', 0], ['L', 1128], ['L', 1732]]
[2, 5, 6, 7, 10, 11] [0, 1, 8, 9, 13, 14] [3, 4, 12]
Case #8: 2
[['L', 0], ['L', 0], ['L', 348], ['E', 0], ['L', 1036], ['L', 1679], ['E', 0], ['E', 0], ['E', 0], ['E', 0], ['E', 630], ['L', 1760], ['E', 0], ['E', 0], ['L', 0]]
[3, 6, 7, 8, 9, 10, 12, 13] [2, 4, 5, 11] [0, 1, 14]
Case #9: 5
[['L', 0], ['L', 0], ['E', 1544], ['E', 1310], ['L', 0], ['E', 0], ['E', 374], ['L', 0], ['L', 0], ['E', 167], ['E', 0], ['L', 0], ['E', 0], ['E', 0], ['E', 0]]
[2, 3, 5, 6, 9, 10, 12, 13, 14] [] [0, 1, 4, 7, 8, 11]
Case #10: 5
[['L', 0], ['L', 352], ['L', 0], ['L', 0], ['E', 0], ['L', 0], ['L', 0], ['E', 1257], ['L', 321], ['E', 0], ['L', 0], ['L', 0], ['E', 692], ['L', 321], ['L', 0]]
[4, 7, 12] [1, 8] [0, 2, 3, 5, 6, 10, 11, 14]
Case #11: 0
[['L', 691], ['E', 1119], ['E', 0], ['L', 0], ['L', 1200], ['L', 1119], ['E', 0], ['E', 0], ['E', 1366], ['E', 0], ['E', 0], ['E', 933], ['L', 0], ['E', 430], ['L', 658]]
[2, 6, 7, 8, 9, 10, 11, 13] [0, 4, 14] [3, 12]
Case #12: 5
[['L', 1746], ['E', 0], ['E', 1380], ['E', 1952], ['L', 736], ['L', 493], ['E', 1510], ['E', 829], ['L', 1915], ['E', 0], ['L', 493], ['L', 1746], ['L', 472], ['E', 0], ['E', 795]]
[2, 3, 6, 7, 13, 14] [0, 4, 5, 8, 12] []
Case #13: 6
[['L', 1830], ['L', 0], ['L', 611], ['L', 0], ['E', 21], ['L', 1196], ['E', 1778], ['L', 1196], ['L', 611], ['E', 1778], ['L', 973], ['E', 1306], ['E', 647], ['L', 1306], ['L', 407]]
Case #14: CRIME TIME
[['E', 1291], ['E', 900], ['E', 874], ['E', 253], ['E', 1397], ['E', 1570], ['E', 595], ['L', 0], ['L', 0], ['L', 0], ['L', 0], ['L', 0], ['L', 0], ['L', 0], ['L', 0]]
[0, 1, 2, 3, 4, 5, 6] [] [7, 8, 9, 10, 11, 12, 13, 14]
Case #15: 0
[['E', 184], ['E', 91], ['E', 433], ['E', 165], ['E', 1142], ['E', 146], ['E', 1772], ['L', 0], ['L', 0], ['L', 0], ['L', 0], ['L', 0], ['L', 0], ['L', 0], ['L', 0]]
[0, 1, 2, 3, 4, 5, 6] [] [7, 8, 9, 10, 11, 12, 13, 14]
Case #16: 0
[['E', 0], ['E', 0], ['E', 0], ['E', 0], ['E', 0], ['E', 0], ['E', 0], ['L', 600], ['L', 242], ['L', 1549], ['L', 644], ['L', 146], ['L', 1825], ['L', 1225], ['L', 443]]
[0, 1, 2, 3, 4, 5, 6] [7, 8, 9, 10, 11, 12, 13, 14] []
Case #17: 0
[['E', 0], ['E', 0], ['E', 0], ['E', 0], ['E', 0], ['E', 0], ['E', 0], ['L', 660], ['L', 1112], ['L', 1731], ['L', 1064], ['L', 884], ['L', 963], ['L', 22], ['L', 1607]]
[0, 1, 2, 3, 4, 5, 6] [7, 8, 9, 10, 11, 12, 13, 14] []
Case #18: 0
[['L', 0], ['L', 0], ['L', 0], ['L', 0], ['L', 0], ['L', 0], ['L', 0], ['E', 0], ['E', 0], ['E', 0], ['E', 0], ['E', 0], ['E', 0], ['E', 0], ['E', 0]]
[7, 8, 9, 10, 11, 12, 13, 14] [] [0, 1, 2, 3, 4, 5, 6]
Case #19: 8
[['L', 0], ['L', 0], ['L', 0], ['L', 0], ['L', 0], ['L', 0], ['L', 0], ['L', 0], ['L', 0], ['L', 0], ['L', 0], ['L', 0], ['L', 0], ['L', 0], ['L', 0]]
[] [] [0, 1, 2, 3, 4, 5, 6, 7, 8, 9, 10, 11, 12, 13, 14]
Case #20: 0
[['E', 0], ['E', 0], ['E', 0], ['E', 0], ['E', 0], ['E', 0], ['E', 0], ['E', 0], ['E', 0], ['E', 0], ['E', 0], ['E', 0], ['E', 0], ['E', 0], ['E', 0]]
[0, 1, 2, 3, 4, 5, 6, 7, 8, 9, 10, 11, 12, 13, 14] [] []
Case #21: 15
[['L', 0], ['L', 0], ['L', 0], ['L', 0], ['L', 0], ['L', 0], ['E', 0], ['E', 0], ['E', 0], ['E', 0], ['E', 0], ['E', 0], ['E', 0], ['E', 1], ['E', 1]]
Case #22: CRIME TIME
[['L', 1], ['L', 2], ['L', 3], ['L', 4], ['L', 5], ['E', 0], ['E', 0], ['E', 0], ['E', 0], ['L', 1], ['L', 2], ['L', 3], ['L', 4], ['L', 5]]
Case #23: CRIME TIME
[['E', 1], ['L', 0], ['E', 3], ['E', 2], ['E', 0], ['L', 2], ['L', 1], ['L', 0]]
[2, 4] [] [1, 7]
Case #24: 1
[['E', 0], ['L', 0], ['E', 3], ['E', 1], ['E', 0], ['L', 2], ['L', 1], ['E', 0]]
[0, 2, 4, 7] [5] [1]
Case #25: 2
[['L', 0], ['E', 1], ['L', 0], ['L', 0], ['E', 3], ['E', 0], ['L', 2], ['L', 1]]
[4, 5] [6] [0, 2, 3]
Case #26: 1
[['E', 1], ['L', 0], ['L', 0], ['L', 0], ['E', 3], ['E', 0], ['L', 2], ['L', 1]]
[4, 5] [6] [1, 2, 3]
Case #27: 1
[['E', 0], ['E', 594], ['L', 520], ['E', 0], ['L', 985], ['E', 1272], ['L', 0], ['E', 0], ['L', 0], ['E', 594], ['E', 0], ['L', 148], ['E', 0], ['E', 0], ['L', 1821]]
[0, 3, 5, 7, 9, 10, 12, 13] [2, 4, 11, 14] [8]
Case #28: 3
[['L', 1568], ['L', 981], ['E', 0], ['L', 0], ['E', 0], ['L', 0], ['L', 0], ['L', 0], ['L', 1802], ['E', 1624], ['L', 0], ['E', 0], ['E', 29], ['E', 981], ['L', 0]]
[2, 4, 9, 11, 12, 13] [0, 1, 8] [3, 5, 6, 7, 10, 14]
Case #29: 2
[['E', 0], ['E', 786], ['L', 0], ['E', 0], ['L', 1093], ['E', 0], ['L', 0], ['E', 0], ['E', 0], ['L', 0], ['E', 0], ['E', 0], ['E', 0], ['E', 1648], ['L', 0]]
[0, 1, 3, 5, 7, 8, 10, 11, 12, 13] [4] [2, 6, 9, 14]
Case #30: 5
[['L', 0], ['E', 1643], ['E', 0], ['E', 1643], ['L', 0], ['L', 0], ['E', 0], ['L', 0], ['E', 0], ['L', 0], ['L', 1540], ['E', 0], ['E', 0], ['L', 0], ['E', 0]]
Case #31: CRIME TIME
[['E', 0], ['E', 1554], ['E', 0], ['L', 0], ['E', 0], ['E', 0], ['L', 0], ['L', 0], ['E', 0], ['E', 1049], ['L', 0], ['E', 0], ['E', 0], ['E', 0], ['E', 0]]
[0, 1, 2, 4, 5, 8, 9, 11, 12, 13, 14] [] [3, 6, 7, 10]
Case #32: 7
[['L', 0], ['L', 0], ['L', 0], ['L', 0], ['L', 1469], ['L', 0], ['E', 0], ['L', 0], ['L', 0], ['L', 0], ['L', 164], ['L', 1647], ['E', 0], ['L', 0], ['E', 0]]
[6, 12, 14] [4, 10, 11] [0, 1, 2, 3, 5, 7, 8, 9, 13]
Case #33: 1
[['L', 0], ['L', 0], ['L', 0], ['L', 0], ['L', 0], ['E', 0], ['L', 307], ['E', 1961], ['E', 338], ['E', 0], ['L', 0], ['E', 0], ['L', 81], ['L', 0], ['E', 338]]
[5, 7, 9, 11, 14] [6, 12] [0, 1, 2, 3, 4, 13]
Case #34: 2
[['L', 0], ['E', 1803], ['E', 0], ['L', 0], ['E', 142], ['L', 0], ['L', 0], ['E', 0], ['E', 0], ['L', 1803], ['L', 0], ['L', 0], ['L', 587], ['L', 1916], ['E', 1660]]
[2, 4, 7, 8, 14] [12, 13] [0, 3, 5, 6, 10, 11]
Case #35: 1
[['E', 0], ['L', 0], ['L', 0], ['L', 1162], ['E', 0], ['E', 609], ['E', 0], ['L', 0], ['L', 0], ['E', 0], ['L', 609], ['E', 0], ['E', 0], ['E', 1064], ['E', 0]]
[0, 4, 6, 9, 11, 12, 13, 14] [3] [1, 2, 7, 8]
Case #36: 5
[['L', 0], ['L', 0], ['L', 0], ['E', 1392], ['L', 0], ['E', 0], ['E', 0], ['L', 0], ['L', 0], ['L', 0], ['L', 749], ['L', 0], ['E', 0], ['E', 845], ['L', 749]]
[3, 5, 6, 13] [10] [0, 1, 2, 4, 7, 8, 9, 11]
Case #37: 1
[['E', 1920], ['E', 0], ['E', 1878], ['E', 0], ['L', 0], ['E', 663], ['E', 981], ['L', 202], ['L', 1421], ['E', 0], ['L', 0], ['L', 0], ['L', 981], ['E', 0], ['L', 0]]
[0, 1, 2, 3, 5, 9, 13] [7, 8] [4, 10, 11, 14]
Case #38: 1
[['L', 683], ['E', 659], ['L', 0], ['L', 0], ['L', 0], ['L', 0], ['L', 889], ['L', 172], ['E', 0], ['E', 215], ['E', 0], ['L', 0], ['L', 0], ['L', 1015], ['L', 0]]
[1, 8, 9, 10] [0, 6, 7, 13] [2, 3, 4, 5, 11, 12, 14]
Case #39: 0
[['L', 0], ['L', 0], ['E', 0], ['L', 671], ['E', 0], ['E', 0], ['E', 1480], ['E', 0], ['L', 1878], ['L', 0], ['L', 1316], ['E', 0], ['E', 0], ['E', 0], ['E', 0]]
[2, 4, 5, 6, 7, 11, 12, 13, 14] [3, 8, 10] [0, 1, 9]
Case #40: 5
[['E', 0], ['L', 0], ['L', 0], ['E', 1233], ['E', 0], ['L', 0], ['E', 0], ['E', 0], ['E', 769], ['L', 0], ['E', 0], ['E', 0], ['L', 0], ['L', 0], ['L', 0]]
[0, 3, 4, 6, 7, 8, 10, 11] [] [1, 2, 5, 9, 12, 13, 14]
Case #41: 2
[['L', 0], ['E', 0], ['L', 0], ['E', 0], ['L', 0], ['L', 0], ['E', 1615], ['E', 1046], ['L', 0], ['L', 0], ['L', 0], ['E', 0], ['E', 0], ['L', 0], ['E', 0]]
[1, 3, 6, 7, 11, 12, 14] [] [0, 2, 4, 5, 8, 9, 10, 13]
Case #42: 2
[['L', 0], ['L', 0], ['L', 0], ['E', 0], ['L', 998], ['L', 292], ['E', 0], ['L', 0], ['L', 31], ['E', 911], ['E', 0], ['L', 0], ['E', 0], ['L', 0], ['L', 0]]
[3, 6, 9, 10, 12] [4, 5, 8] [0, 1, 2, 7, 11, 13, 14]
Case #43: 0
[['L', 0], ['E', 1466], ['L', 0], ['L', 0], ['L', 0], ['E', 792], ['E', 0], ['E', 0], ['E', 0], ['L', 438], ['E', 0], ['E', 0], ['E', 0], ['L', 70], ['E', 0]]
[1, 5, 6, 7, 8, 10, 11, 12, 14] [9, 13] [0, 2, 3, 4]
Case #44: 6
[['E', 0], ['E', 0], ['E', 0], ['L', 0], ['E', 0], ['E', 0], ['L', 0], ['L', 0], ['E', 0], ['L', 1594], ['E', 0], ['E', 0], ['L', 0], ['L', 0], ['E', 0]]
[0, 1, 2, 4, 5, 8, 10, 11, 14] [9] [3, 6, 7, 12, 13]
Case #45: 3
[['E', 1700], ['E', 0], ['E', 0], ['E', 0], ['L', 1482], ['E', 0], ['L', 0], ['E', 0], ['E', 951], ['E', 0], ['L', 0], ['L', 0], ['E', 0], ['E', 0], ['E', 0]]
[0, 1, 2, 3, 5, 7, 8, 9, 12, 13, 14] [4] [6, 10, 11]
Case #46: 7
[['L', 0], ['E', 0], ['L', 0], ['E', 0], ['E', 0], ['L', 386], ['E', 0], ['E', 0], ['E', 0], ['L', 0], ['E', 355], ['E', 0], ['E', 505], ['L', 0], ['L', 1002]]
[1, 3, 4, 6, 7, 8, 10, 11, 12] [5, 14] [0, 2, 9, 13]
Case #47: 4
[['L', 0], ['E', 303], ['E', 0], ['E', 596], ['L', 0], ['L', 0], ['E', 0], ['L', 0], ['E', 0], ['L', 0], ['L', 1685], ['E', 0], ['E', 0], ['E', 0], ['L', 1685]]
[1, 2, 3, 6, 8, 12, 13] [10] [0, 4, 5, 7, 9]
Case #48: 2
[['L', 1705], ['L', 0], ['E', 1292], ['E', 0], ['L', 0], ['L', 0], ['L', 0], ['E', 0], ['L', 0], ['L', 1705], ['E', 0], ['L', 0], ['L', 0], ['E', 0], ['L', 0]]
[2, 7, 10, 13] [0] [1, 4, 5, 6, 8, 11, 12, 14]
Case #49: 0
[['E', 181], ['L', 0], ['E', 0], ['L', 0], ['E', 0], ['E', 0], ['E', 0], ['E', 0], ['L', 154], ['E', 0], ['E', 1126], ['L', 96], ['E', 0], ['E', 0], ['L', 96]]
[0, 2, 4, 5, 6, 7, 9, 10, 13] [8, 11] [1, 3]
Case #50: 5
[['L', 0], ['E', 1271], ['L', 0], ['L', 0], ['E', 1271], ['E', 0], ['L', 0], ['L', 0], ['E', 0], ['L', 0], ['E', 0], ['L', 0], ['L', 0], ['L', 129], ['L', 0]]
[4, 5, 8, 10] [13] [0, 3, 6, 7, 9, 11, 12, 14]
Case #51: 0
[['E', 0], ['L', 0], ['L', 0], ['L', 20], ['E', 0], ['E', 0], ['L', 0], ['E', 0], ['E', 147], ['E', 0], ['L', 0], ['E', 1399], ['L', 0], ['E', 0], ['L', 0]]
[0, 4, 5, 7, 8, 9, 11, 13] [3] [1, 2, 6, 10, 12, 14]
Case #52: 3
[['L', 0], ['E', 0], ['E', 0], ['E', 0], ['E', 0], ['L', 0], ['E', 0], ['E', 1469], ['E', 0], ['L', 1713], ['L', 0], ['E', 818], ['E', 0], ['L', 0], ['L', 0]]
[1, 2, 3, 4, 6, 7, 8, 11, 12] [9] [0, 5, 10, 13, 14]
Case #53: 4
[['E', 0], ['L', 478], ['L', 0], ['L', 0], ['L', 478], ['L', 0], ['L', 1255], ['E', 1464], ['L', 0], ['L', 0], ['E', 1464], ['E', 0], ['E', 0], ['L', 0], ['L', 0]]
Case #54: CRIME TIME
[['E', 0], ['L', 0], ['L', 0], ['L', 0], ['L', 0], ['E', 0], ['L', 1228], ['L', 765], ['E', 0], ['L', 0], ['L', 0], ['L', 765], ['L', 0], ['E', 449], ['L', 52]]
[0, 5, 13] [6, 7, 14] [1, 2, 3, 4, 9, 10, 12]
Case #55: 1
[['E', 561], ['E', 0], ['L', 0], ['L', 0], ['E', 0], ['L', 0], ['E', 0], ['L', 0], ['E', 0], ['L', 0], ['E', 997], ['L', 0], ['E', 0], ['L', 0], ['L', 0]]
[0, 1, 4, 6, 8, 10, 12] [] [2, 3, 5, 7, 9, 11, 13, 14]
Case #56: 0
[['L', 0], ['L', 574], ['E', 0], ['L', 0], ['L', 574], ['E', 0], ['L', 0], ['E', 0], ['L', 1402], ['L', 88], ['L', 0], ['E', 0], ['E', 0], ['E', 0], ['L', 0]]
[5, 7, 11, 12, 13] [1, 8, 9] [0, 3, 6, 10, 14]
Case #57: 2
[['E', 0], ['E', 1567], ['E', 1693], ['L', 0], ['E', 0], ['L', 0], ['L', 0], ['E', 0], ['E', 0], ['L', 0], ['E', 0], ['L', 1426], ['E', 0], ['L', 0], ['L', 1210]]
[0, 1, 2, 4, 7, 8, 10, 12] [11, 14] [3, 5, 6, 9, 13]
Case #58: 1
[['E', 0], ['E', 992], ['E', 835], ['E', 1542], ['L', 0], ['E', 0], ['L', 789], ['E', 1031], ['L', 0], ['L', 1437], ['L', 0], ['E', 0], ['E', 387], ['E', 0], ['L', 1031]]
[0, 1, 2, 3, 5, 11, 12, 13] [6, 9] [4, 8, 10]
Case #59: 3
[['L', 0], ['L', 472], ['L', 0], ['L', 0], ['E', 0], ['E', 0], ['E', 0], ['L', 0], ['E', 0], ['L', 0], ['E', 0], ['E', 1446], ['L', 472], ['E', 0], ['L', 0]]
[5, 6, 8, 10, 11, 13] [1] [0, 2, 3, 7, 9, 14]
Case #60: 3
[['E', 1371], ['L', 0], ['L', 1376], ['E', 0], ['E', 0], ['E', 0], ['E', 0], ['L', 0], ['L', 0], ['E', 0], ['E', 1371], ['E', 0], ['L', 0], ['E', 0], ['E', 1183]]
[3, 4, 5, 6, 9, 10, 11, 13, 14] [2] [7, 8, 12]
Case #61: 6
[['L', 219], ['L', 0], ['L', 0], ['L', 0], ['E', 474], ['L', 0], ['E', 0], ['L', 756], ['E', 0], ['L', 0], ['L', 0], ['L', 171], ['L', 1633], ['L', 811], ['L', 1180]]
[4, 6, 8] [0, 7, 11, 12, 13, 14] [1, 2, 3, 5, 9, 10]
Case #62: 0
[['L', 0], ['E', 0], ['L', 0], ['E', 0], ['L', 0], ['L', 0], ['L', 636], ['L', 0], ['E', 654], ['L', 0], ['L', 0], ['L', 0], ['E', 0], ['L', 0], ['E', 0]]
[1, 3, 8, 12, 14] [6] [0, 2, 4, 5, 7, 9, 10, 11, 13]
Case #63: 1
[['E', 519], ['L', 0], ['L', 0], ['L', 0], ['E', 0], ['E', 0], ['L', 0], ['L', 0], ['L', 0], ['L', 0], ['L', 0], ['E', 0], ['L', 0], ['E', 0], ['E', 0]]
[0, 4, 5, 11, 13, 14] [] [1, 2, 3, 6, 7, 8, 9, 10, 12]
Case #64: 2
[['L', 0], ['E', 0], ['E', 0], ['E', 0], ['E', 916], ['E', 0], ['E', 0], ['E', 1883], ['L', 1876], ['L', 0], ['E', 0], ['E', 0], ['L', 0], ['E', 1876], ['E', 0]]
[1, 2, 3, 4, 5, 6, 7, 10, 11, 13, 14] [8] [0, 9, 12]
Case #65: 8
[['L', 265], ['E', 0], ['E', 0], ['E', 0], ['E', 0], ['E', 960], ['E', 0], ['E', 0], ['E', 0], ['E', 0], ['E', 773], ['L', 0], ['E', 0], ['L', 0], ['L', 0]]
[1, 2, 3, 4, 5, 6, 7, 8, 9, 10, 12] [0] [11, 13, 14]
Case #66: 8
[['L', 0], ['L', 0], ['L', 0], ['E', 0], ['E', 0], ['L', 718], ['L', 555], ['E', 0], ['L', 0], ['L', 0], ['E', 0], ['L', 816], ['L', 816], ['L', 0], ['E', 0]]
Case #67: CRIME TIME
[['E', 0], ['L', 0], ['L', 0], ['L', 0], ['L', 0], ['L', 528], ['L', 0], ['E', 0], ['E', 0], ['E', 0], ['E', 0], ['L', 0], ['L', 0], ['L', 1268], ['L', 353]]
[0, 7, 8, 9, 10] [5, 13, 14] [1, 2, 3, 4, 6, 11, 12]
Case #68: 0
[['E', 0], ['L', 1628], ['E', 0], ['E', 0], ['E', 0], ['E', 0], ['L', 120], ['L', 0], ['E', 0], ['L', 0], ['L', 0], ['E', 0], ['L', 0], ['L', 0], ['L', 0]]
[0, 2, 3, 4, 5, 8, 11] [1, 6] [7, 9, 10, 12, 13, 14]
Case #69: 0
[['E', 1398], ['L', 0], ['E', 1358], ['L', 418], ['L', 0], ['E', 0], ['L', 0], ['L', 0], ['L', 1737], ['E', 1040], ['L', 0], ['L', 0], ['E', 0], ['L', 0], ['L', 0]]
[0, 2, 5, 9, 12] [3, 8] [1, 4, 6, 7, 10, 11, 13, 14]
Case #70: 0
[['E', 0], ['L', 0], ['L', 0], ['E', 1926], ['L', 0], ['E', 0], ['L', 0], ['E', 0], ['E', 1991], ['E', 0], ['E', 0], ['E', 986], ['L', 1267], ['L', 1656], ['L', 986]]
[0, 3, 5, 7, 8, 9, 10] [12, 13] [1, 2, 4, 6]
Case #71: 2
[['L', 162], ['E', 0], ['E', 0], ['E', 0], ['E', 0], ['L', 0], ['L', 0], ['E', 0], ['E', 0], ['E', 0], ['L', 0], ['E', 0], ['E', 0], ['L', 796], ['E', 0]]
[1, 2, 3, 4, 7, 8, 9, 11, 12, 14] [0, 13] [5, 6, 10]
Case #72: 6
[['L', 0], ['E', 0], ['L', 0], ['E', 0], ['E', 0], ['E', 0], ['E', 0], ['E', 0], ['L', 0], ['E', 0], ['E', 138], ['L', 868], ['L', 0], ['E', 0], ['E', 0]]
[1, 3, 4, 5, 6, 7, 9, 10, 13, 14] [11] [0, 2, 8, 12]
Case #73: 6
[['L', 0], ['E', 1221], ['E', 0], ['L', 0], ['L', 0], ['E', 1206], ['L', 0], ['E', 0], ['L', 0], ['L', 0], ['E', 0], ['E', 0], ['E', 0], ['E', 1210], ['L', 0]]
[1, 2, 5, 7, 10, 11, 12, 13] [] [0, 3, 4, 6, 8, 9, 14]
Case #74: 3
[['L', 340], ['L', 0], ['E', 0], ['E', 0], ['E', 239], ['L', 0], ['E', 1048], ['E', 0], ['E', 0], ['E', 0], ['L', 0], ['L', 1332], ['E', 0], ['L', 0], ['E', 0]]
[2, 3, 4, 6, 7, 8, 9, 12, 14] [0, 11] [1, 5, 10, 13]
Case #75: 5
[['L', 0], ['L', 0], ['E', 0], ['E', 0], ['L', 0], ['E', 0], ['L', 1355], ['L', 1079], ['L', 209], ['L', 0], ['E', 1245], ['E', 0], ['E', 0], ['L', 0], ['E', 0]]
[2, 3, 5, 10, 11, 12, 14] [6, 7, 8] [0, 1, 4, 9, 13]
Case #76: 3
[['L', 0], ['E', 0], ['E', 0], ['E', 0], ['E', 1206], ['L', 0], ['L', 0], ['E', 1199], ['E', 0], ['L', 920], ['E', 0], ['E', 0], ['L', 0], ['L', 0], ['E', 0]]
[1, 2, 3, 4, 7, 8, 10, 11, 14] [9] [0, 5, 6, 12, 13]
Case #77: 4
[['E', 0], ['E', 0], ['L', 0], ['L', 0], ['L', 0], ['L', 0], ['E', 1422], ['E', 0], ['E', 0], ['E', 0], ['E', 714], ['E', 0], ['L', 0], ['E', 502], ['E', 0]]
[0, 1, 6, 7, 8, 9, 10, 11, 13, 14] [] [2, 3, 4, 5, 12]
Case #78: 7
[['E', 0], ['L', 0], ['E', 1590], ['L', 1800], ['L', 0], ['L', 1800], ['E', 147], ['E', 0], ['E', 0], ['E', 0], ['E', 0], ['E', 0], ['L', 0], ['E', 0], ['L', 0]]
Case #79: CRIME TIME
[['E', 0], ['L', 0], ['E', 261], ['E', 0], ['L', 0], ['L', 0], ['L', 919], ['E', 0], ['L', 0], ['L', 0], ['L', 762], ['E', 0], ['L', 0], ['E', 0], ['E', 700]]
[0, 2, 3, 7, 11, 13, 14] [6, 10] [1, 4, 5, 8, 9, 12]
Case #80: 2
[['E', 0], ['E', 1610], ['L', 1265], ['L', 0], ['L', 0], ['L', 140], ['L', 0], ['E', 0], ['L', 0], ['E', 0], ['E', 0], ['E', 924], ['L', 287], ['L', 0], ['E', 0]]
[0, 1, 7, 9, 10, 11, 14] [2, 5, 12] [3, 4, 6, 8, 13]
Case #81: 2
[['E', 847], ['L', 0], ['L', 0], ['E', 0], ['L', 0], ['L', 663], ['L', 0], ['L', 1684], ['L', 0], ['L', 0], ['E', 0], ['L', 0], ['E', 1836], ['L', 1836], ['L', 0]]
[0, 3, 10] [5, 7] [1, 2, 4, 6, 8, 9, 11, 14]
Case #82: 0
[['E', 1745], ['E', 0], ['L', 0], ['L', 0], ['L', 1745], ['L', 1354], ['E', 235], ['L', 1185], ['L', 0], ['E', 0], ['E', 0], ['E', 0], ['L', 0], ['L', 0], ['L', 0]]
[1, 6, 9, 10, 11] [5, 7] [2, 3, 8, 12, 13, 14]
Case #83: 0
[['L', 294], ['E', 0], ['L', 1451], ['L', 0], ['E', 0], ['E', 0], ['L', 0], ['E', 1039], ['E', 0], ['E', 0], ['L', 139], ['E', 0], ['L', 0], ['E', 1664], ['E', 0]]
[1, 4, 5, 7, 8, 9, 11, 13, 14] [0, 2, 10] [3, 6, 12]
Case #84: 5
[['L', 0], ['E', 495], ['E', 458], ['L', 0], ['E', 0], ['L', 0], ['E', 0], ['E', 0], ['L', 0], ['E', 0], ['L', 0], ['E', 0], ['E', 0], ['E', 0], ['L', 0]]
[1, 2, 4, 6, 7, 9, 11, 12, 13] [] [0, 3, 5, 8, 10, 14]
Case #85: 4
[['L', 0], ['L', 556], ['E', 0], ['E', 0], ['E', 0], ['E', 1019], ['L', 0], ['L', 0], ['E', 0], ['E', 0], ['L', 0], ['L', 0], ['L', 1401], ['L', 835], ['E', 0]]
[2, 3, 4, 5, 8, 9, 14] [1, 12, 13] [0, 6, 7, 10, 11]
Case #86: 1
[['L', 0], ['E', 1642], ['L', 1642], ['L', 0], ['L', 1642], ['L', 0], ['L', 0], ['E', 0], ['E', 0], ['L', 1642], ['L', 1394], ['E', 0], ['E', 0], ['L', 0], ['L', 0]]
Case #87: CRIME TIME
[['E', 0], ['E', 0], ['L', 0], ['E', 0], ['E', 1926], ['L', 0], ['E', 0], ['L', 0], ['E', 0], ['E', 0], ['E', 0], ['E', 988], ['L', 0], ['L', 1077], ['L', 0]]
[0, 1, 3, 4, 6, 8, 9, 10, 11] [13] [2, 5, 7, 12, 14]
Case #88: 3
[['E', 0], ['E', 0], ['E', 0], ['L', 0], ['E', 0], ['L', 0], ['E', 1959], ['L', 0], ['E', 0], ['E', 0], ['E', 344], ['E', 0], ['E', 0], ['E', 450], ['L', 0]]
[0, 1, 2, 4, 6, 8, 9, 10, 11, 12, 13] [] [3, 5, 7, 14]
Case #89: 7
[['L', 756], ['L', 0], ['E', 862], ['E', 756], ['L', 0], ['L', 1970], ['E', 1515], ['L', 0], ['E', 307], ['E', 0], ['E', 0], ['L', 0], ['L', 0], ['L', 0], ['E', 512]]
[2, 3, 6, 8, 9, 10, 14] [0, 5] [1, 4, 7, 11, 12, 13]
Case #90: 2
[['E', 0], ['E', 0], ['E', 0], ['E', 1881], ['L', 0], ['E', 0], ['E', 0], ['L', 0], ['L', 0], ['E', 0], ['E', 0], ['E', 0], ['L', 1543], ['E', 0], ['L', 1217]]
[0, 1, 2, 3, 5, 6, 9, 10, 11, 13] [12, 14] [4, 7, 8]
Case #91: 5
[['L', 0], ['E', 0], ['E', 0], ['L', 0], ['L', 0], ['E', 0], ['E', 0], ['L', 0], ['L', 1110], ['L', 0], ['E', 374], ['L', 0], ['L', 0], ['L', 0], ['L', 0]]
[1, 2, 5, 6, 10] [8] [0, 3, 4, 7, 9, 11, 12, 13, 14]
Case #92: 0
[['L', 0], ['E', 0], ['E', 0], ['L', 0], ['L', 0], ['E', 0], ['E', 0], ['E', 0], ['L', 0], ['L', 0], ['E', 1348], ['E', 0], ['L', 1243], ['E', 0], ['L', 0]]
[1, 2, 5, 6, 7, 10, 11, 13] [12] [0, 3, 4, 8, 9, 14]
Case #93: 2
[['E', 0], ['L', 0], ['E', 1386], ['L', 0], ['L', 0], ['E', 0], ['L', 849], ['E', 0], ['E', 957], ['E', 1669], ['E', 0], ['E', 0], ['E', 256], ['E', 849], ['E', 0]]
[0, 2, 5, 7, 8, 9, 10, 11, 12, 13, 14] [6] [1, 3, 4]
Case #94: 8
[['L', 0], ['E', 0], ['E', 0], ['L', 0], ['L', 0], ['E', 0], ['L', 1255], ['L', 0], ['E', 1059], ['E', 0], ['E', 337], ['L', 0], ['E', 0], ['E', 0], ['L', 0]]
[1, 2, 5, 8, 9, 10, 12, 13] [6] [0, 3, 4, 7, 11, 14]
Case #95: 3
[['L', 1497], ['L', 0], ['E', 1402], ['E', 837], ['E', 0], ['L', 563], ['E', 0], ['L', 1840], ['L', 0], ['E', 1840], ['E', 0], ['E', 0], ['E', 0], ['L', 1402], ['E', 0]]
[3, 4, 6, 9, 10, 11, 12, 14] [0, 5, 7] [1, 8]
Case #96: 5
[['E', 0], ['E', 0], ['E', 0], ['E', 0], ['L', 0], ['L', 0], ['L', 0], ['E', 0], ['L', 0], ['L', 0], ['E', 0], ['L', 0], ['E', 0], ['E', 1478], ['L', 1880]]
[0, 1, 2, 3, 7, 10, 12, 13] [14] [4, 5, 6, 8, 9, 11]
Case #97: 1
[['L', 0], ['E', 1184], ['L', 0], ['L', 0], ['E', 0], ['L', 0], ['E', 485], ['E', 0], ['L', 0], ['E', 0], ['L', 0], ['L', 0], ['E', 1184], ['L', 275], ['E', 1751]]
[4, 6, 7, 9, 12, 14] [13] [0, 3, 5, 8, 10, 11]
Case #98: 2
[['E', 0], ['L', 0], ['E', 0], ['L', 1756], ['E', 0], ['E', 0], ['E', 0], ['L', 0], ['L', 0], ['E', 0], ['L', 0], ['L', 0], ['L', 0], ['E', 591], ['E', 0]]
[0, 2, 4, 5, 6, 9, 13, 14] [3] [1, 7, 8, 10, 11, 12]
Case #99: 2
[['L', 0], ['L', 1773], ['L', 0], ['E', 598], ['E', 0], ['E', 0], ['E', 0], ['L', 0], ['E', 0], ['L', 1595], ['L', 0], ['L', 905], ['E', 0], ['L', 0], ['E', 1062]]
[3, 4, 5, 6, 8, 12, 14] [1, 9, 11] [0, 2, 7, 10, 13]
Case #100: 2
